# JRE version: Java(TM) SE Runtime Environment (8.0_241-b07) (build 1.8.0_241-b07)
# Java VM: Java HotSpot(TM) 64-Bit Server VM (25.241-b07 mixed mode windows-amd64 compressed oops)
Heap:
 PSYoungGen      total 138240K, used 8282K [0x00000000d5f80000, 0x00000000deb80000, 0x0000000100000000)
  eden space 133120K, 6% used [0x00000000d5f80000,0x00000000d6796850,0x00000000de180000)
  from space 5120K, 0% used [0x00000000de680000,0x00000000de680000,0x00000000deb80000)
  to   space 5120K, 0% used [0x00000000de180000,0x00000000de180000,0x00000000de680000)
 ParOldGen       total 52736K, used 16923K [0x0000000081e00000, 0x0000000085180000, 0x00000000d5f80000)
  object space 52736K, 32% used [0x0000000081e00000,0x0000000082e86c40,0x0000000085180000)
 Metaspace       used 38943K, capacity 40652K, committed 40784K, reserved 1085440K
  class space    used 5102K, capacity 5432K, committed 5500K, reserved 1048576K
GC Heap History (10 events):
Event: 5.904 GC heap before
{Heap before GC invocations=7 (full 1):
 PSYoungGen      total 138240K, used 133120K [0x00000000d5f80000, 0x00000000deb80000, 0x0000000100000000)
  eden space 133120K, 100% used [0x00000000d5f80000,0x00000000de180000,0x00000000de180000)
  from space 5120K, 0% used [0x00000000de180000,0x00000000de180000,0x00000000de680000)
  to   space 5120K, 0% used [0x00000000de680000,0x00000000de680000,0x00000000deb80000)
 ParOldGen       total 52736K, used 5542K [0x0000000081e00000, 0x0000000085180000, 0x00000000d5f80000)
  object space 52736K, 10% used [0x0000000081e00000,0x0000000082369b68,0x0000000085180000)
 Metaspace       used 28125K, capacity 29260K, committed 29308K, reserved 1075200K
  class space    used 3669K, capacity 3946K, committed 3964K, reserved 1048576K
Event: 5.912 GC heap after
Heap after GC invocations=7 (full 1):
 PSYoungGen      total 138240K, used 5109K [0x00000000d5f80000, 0x00000000deb80000, 0x0000000100000000)
  eden space 133120K, 0% used [0x00000000d5f80000,0x00000000d5f80000,0x00000000de180000)
  from space 5120K, 99% used [0x00000000de680000,0x00000000deb7d6b8,0x00000000deb80000)
  to   space 5120K, 0% used [0x00000000de180000,0x00000000de180000,0x00000000de680000)
 ParOldGen       total 52736K, used 10440K [0x0000000081e00000, 0x0000000085180000, 0x00000000d5f80000)
  object space 52736K, 19% used [0x0000000081e00000,0x00000000828322c8,0x0000000085180000)
 Metaspace       used 28125K, capacity 29260K, committed 29308K, reserved 1075200K
  class space    used 3669K, capacity 3946K, committed 3964K, reserved 1048576K
}
Event: 7.575 GC heap before
{Heap before GC invocations=8 (full 1):
 PSYoungGen      total 138240K, used 136879K [0x00000000d5f80000, 0x00000000deb80000, 0x0000000100000000)
  eden space 133120K, 98% used [0x00000000d5f80000,0x00000000de02e778,0x00000000de180000)
  from space 5120K, 99% used [0x00000000de680000,0x00000000deb7d6b8,0x00000000deb80000)
  to   space 5120K, 0% used [0x00000000de180000,0x00000000de180000,0x00000000de680000)
 ParOldGen       total 52736K, used 10440K [0x0000000081e00000, 0x0000000085180000, 0x00000000d5f80000)
  object space 52736K, 19% used [0x0000000081e00000,0x00000000828322c8,0x0000000085180000)
 Metaspace       used 34303K, capacity 35928K, committed 36048K, reserved 1081344K
  class space    used 4434K, capacity 4780K, committed 4860K, reserved 1048576K
Event: 7.594 GC heap after
Heap after GC invocations=8 (full 1):
 PSYoungGen      total 138240K, used 5105K [0x00000000d5f80000, 0x00000000deb80000, 0x0000000100000000)
  eden space 133120K, 0% used [0x00000000d5f80000,0x00000000d5f80000,0x00000000de180000)
  from space 5120K, 99% used [0x00000000de180000,0x00000000de67c6b8,0x00000000de680000)
  to   space 5120K, 0% used [0x00000000de680000,0x00000000de680000,0x00000000deb80000)
 ParOldGen       total 52736K, used 17764K [0x0000000081e00000, 0x0000000085180000, 0x00000000d5f80000)
  object space 52736K, 33% used [0x0000000081e00000,0x0000000082f59068,0x0000000085180000)
 Metaspace       used 34303K, capacity 35928K, committed 36048K, reserved 1081344K
  class space    used 4434K, capacity 4780K, committed 4860K, reserved 1048576K
}
Event: 7.594 GC heap before
{Heap before GC invocations=9 (full 2):
 PSYoungGen      total 138240K, used 5105K [0x00000000d5f80000, 0x00000000deb80000, 0x0000000100000000)
  eden space 133120K, 0% used [0x00000000d5f80000,0x00000000d5f80000,0x00000000de180000)
  from space 5120K, 99% used [0x00000000de180000,0x00000000de67c6b8,0x00000000de680000)
  to   space 5120K, 0% used [0x00000000de680000,0x00000000de680000,0x00000000deb80000)
 ParOldGen       total 52736K, used 17764K [0x0000000081e00000, 0x0000000085180000, 0x00000000d5f80000)
  object space 52736K, 33% used [0x0000000081e00000,0x0000000082f59068,0x0000000085180000)
 Metaspace       used 34303K, capacity 35928K, committed 36048K, reserved 1081344K
  class space    used 4434K, capacity 4780K, committed 4860K, reserved 1048576K
Event: 7.692 GC heap after
Heap after GC invocations=9 (full 2):
 PSYoungGen      total 138240K, used 0K [0x00000000d5f80000, 0x00000000deb80000, 0x0000000100000000)
  eden space 133120K, 0% used [0x00000000d5f80000,0x00000000d5f80000,0x00000000de180000)
  from space 5120K, 0% used [0x00000000de180000,0x00000000de180000,0x00000000de680000)
  to   space 5120K, 0% used [0x00000000de680000,0x00000000de680000,0x00000000deb80000)
 ParOldGen       total 52736K, used 16763K [0x0000000081e00000, 0x0000000085180000, 0x00000000d5f80000)
  object space 52736K, 31% used [0x0000000081e00000,0x0000000082e5ecb0,0x0000000085180000)
 Metaspace       used 34303K, capacity 35928K, committed 36048K, reserved 1081344K
  class space    used 4434K, capacity 4780K, committed 4860K, reserved 1048576K
}
Event: 8.187 GC heap before
{Heap before GC invocations=10 (full 2):
 PSYoungGen      total 138240K, used 33201K [0x00000000d5f80000, 0x00000000deb80000, 0x0000000100000000)
  eden space 133120K, 24% used [0x00000000d5f80000,0x00000000d7fec4f8,0x00000000de180000)
  from space 5120K, 0% used [0x00000000de180000,0x00000000de180000,0x00000000de680000)
  to   space 5120K, 0% used [0x00000000de680000,0x00000000de680000,0x00000000deb80000)
 ParOldGen       total 52736K, used 16763K [0x0000000081e00000, 0x0000000085180000, 0x00000000d5f80000)
  object space 52736K, 31% used [0x0000000081e00000,0x0000000082e5ecb0,0x0000000085180000)
 Metaspace       used 38341K, capacity 40010K, committed 40144K, reserved 1087488K
  class space    used 4985K, capacity 5303K, committed 5372K, reserved 1048576K
Event: 8.192 GC heap after
Heap after GC invocations=10 (full 2):
 PSYoungGen      total 138240K, used 4012K [0x00000000d5f80000, 0x00000000deb80000, 0x0000000100000000)
  eden space 133120K, 0% used [0x00000000d5f80000,0x00000000d5f80000,0x00000000de180000)
  from space 5120K, 78% used [0x00000000de680000,0x00000000dea6b0b8,0x00000000deb80000)
  to   space 5120K, 0% used [0x00000000de180000,0x00000000de180000,0x00000000de680000)
 ParOldGen       total 52736K, used 16763K [0x0000000081e00000, 0x0000000085180000, 0x00000000d5f80000)
  object space 52736K, 31% used [0x0000000081e00000,0x0000000082e5ecb0,0x0000000085180000)
 Metaspace       used 38341K, capacity 40010K, committed 40144K, reserved 1087488K
  class space    used 4985K, capacity 5303K, committed 5372K, reserved 1048576K
}
Event: 8.192 GC heap before
{Heap before GC invocations=11 (full 3):
 PSYoungGen      total 138240K, used 4012K [0x00000000d5f80000, 0x00000000deb80000, 0x0000000100000000)
  eden space 133120K, 0% used [0x00000000d5f80000,0x00000000d5f80000,0x00000000de180000)
  from space 5120K, 78% used [0x00000000de680000,0x00000000dea6b0b8,0x00000000deb80000)
  to   space 5120K, 0% used [0x00000000de180000,0x00000000de180000,0x00000000de680000)
 ParOldGen       total 52736K, used 16763K [0x0000000081e00000, 0x0000000085180000, 0x00000000d5f80000)
  object space 52736K, 31% used [0x0000000081e00000,0x0000000082e5ecb0,0x0000000085180000)
 Metaspace       used 38341K, capacity 40010K, committed 40144K, reserved 1087488K
  class space    used 4985K, capacity 5303K, committed 5372K, reserved 1048576K
Event: 8.310 GC heap after
Heap after GC invocations=11 (full 3):
 PSYoungGen      total 138240K, used 0K [0x00000000d5f80000, 0x00000000deb80000, 0x0000000100000000)
  eden space 133120K, 0% used [0x00000000d5f80000,0x00000000d5f80000,0x00000000de180000)
  from space 5120K, 0% used [0x00000000de680000,0x00000000de680000,0x00000000deb80000)
  to   space 5120K, 0% used [0x00000000de180000,0x00000000de180000,0x00000000de680000)
 ParOldGen       total 52736K, used 16923K [0x0000000081e00000, 0x0000000085180000, 0x00000000d5f80000)
  object space 52736K, 32% used [0x0000000081e00000,0x0000000082e86c40,0x0000000085180000)
 Metaspace       used 38341K, capacity 40010K, committed 40144K, reserved 1085440K
  class space    used 4985K, capacity 5303K, committed 5372K, reserved 1048576K
}

